Using pre-set license
Built from '2022.3/release' branch; Version is '2022.3.20f1 (61c2feb0970d) revision 6406910'; Using compiler version '192829333'; Build Type 'Release'
OS: 'Windows 11  (10.0.22621) 64bit Core' Language: 'en' Physical Memory: 16218 MB
BatchMode: 1, IsHumanControllingUs: 0, StartBugReporterOnCrash: 0, Is64bit: 1, IsPro: 1

COMMAND LINE ARGUMENTS:
C:\Program Files\Unity\Hub\Editor\2022.3.20f1\Editor\Unity.exe
-adb2
-batchMode
-noUpm
-name
AssetImportWorker1
-projectPath
C:/Users/hanna/OneDrive/Documents/github/type-town-repository/first 3d proj
-logFile
Logs/AssetImportWorker1.log
-srvPort
50082
Successfully changed project path to: C:/Users/hanna/OneDrive/Documents/github/type-town-repository/first 3d proj
C:/Users/hanna/OneDrive/Documents/github/type-town-repository/first 3d proj
[UnityMemory] Configuration Parameters - Can be set up in boot.config
    "memorysetup-bucket-allocator-granularity=16"
    "memorysetup-bucket-allocator-bucket-count=8"
    "memorysetup-bucket-allocator-block-size=33554432"
    "memorysetup-bucket-allocator-block-count=8"
    "memorysetup-main-allocator-block-size=16777216"
    "memorysetup-thread-allocator-block-size=16777216"
    "memorysetup-gfx-main-allocator-block-size=16777216"
    "memorysetup-gfx-thread-allocator-block-size=16777216"
    "memorysetup-cache-allocator-block-size=4194304"
    "memorysetup-typetree-allocator-block-size=2097152"
    "memorysetup-profiler-bucket-allocator-granularity=16"
    "memorysetup-profiler-bucket-allocator-bucket-count=8"
    "memorysetup-profiler-bucket-allocator-block-size=33554432"
    "memorysetup-profiler-bucket-allocator-block-count=8"
    "memorysetup-profiler-allocator-block-size=16777216"
    "memorysetup-profiler-editor-allocator-block-size=1048576"
    "memorysetup-temp-allocator-size-main=16777216"
    "memorysetup-job-temp-allocator-block-size=2097152"
    "memorysetup-job-temp-allocator-block-size-background=1048576"
    "memorysetup-job-temp-allocator-reduction-small-platforms=262144"
    "memorysetup-allocator-temp-initial-block-size-main=262144"
    "memorysetup-allocator-temp-initial-block-size-worker=262144"
    "memorysetup-temp-allocator-size-background-worker=32768"
    "memorysetup-temp-allocator-size-job-worker=262144"
    "memorysetup-temp-allocator-size-preload-manager=33554432"
    "memorysetup-temp-allocator-size-nav-mesh-worker=65536"
    "memorysetup-temp-allocator-size-audio-worker=65536"
    "memorysetup-temp-allocator-size-cloud-worker=32768"
    "memorysetup-temp-allocator-size-gi-baking-worker=262144"
    "memorysetup-temp-allocator-size-gfx=262144"
Player connection [2212] Host "[IP] 10.105.62.25 [Port] 0 [Flags] 2 [Guid] 3875934917 [EditorId] 3875934917 [Version] 1048832 [Id] WindowsEditor(7,METTATON) [Debug] 1 [PackageName] WindowsEditor [ProjectName] Editor" joined multi-casting on [225.0.0.222:54997]...

Player connection [2212] Host "[IP] 10.105.62.25 [Port] 0 [Flags] 2 [Guid] 3875934917 [EditorId] 3875934917 [Version] 1048832 [Id] WindowsEditor(7,METTATON) [Debug] 1 [PackageName] WindowsEditor [ProjectName] Editor" joined alternative multi-casting on [225.0.0.222:34997]...

[Physics::Module] Initialized MultithreadedJobDispatcher with 7 workers.
Refreshing native plugins compatible for Editor in 21.85 ms, found 6 plugins.
Preloading 1 native plugins for Editor in 1.09 ms.
Initialize engine version: 2022.3.20f1 (61c2feb0970d)
[Subsystems] Discovering subsystems at path C:/Program Files/Unity/Hub/Editor/2022.3.20f1/Editor/Data/Resources/UnitySubsystems
[Subsystems] Discovering subsystems at path C:/Users/hanna/OneDrive/Documents/github/type-town-repository/first 3d proj/Assets
GfxDevice: creating device client; threaded=0; jobified=0
Direct3D:
    Version:  Direct3D 11.0 [level 11.1]
    Renderer: NVIDIA GeForce RTX 3050 Ti Laptop GPU (ID=0x25a0)
    Vendor:   NVIDIA
    VRAM:     3978 MB
    Driver:   31.0.15.3742
Initialize mono
Mono path[0] = 'C:/Program Files/Unity/Hub/Editor/2022.3.20f1/Editor/Data/Managed'
Mono path[1] = 'C:/Program Files/Unity/Hub/Editor/2022.3.20f1/Editor/Data/MonoBleedingEdge/lib/mono/unityjit-win32'
Mono config path = 'C:/Program Files/Unity/Hub/Editor/2022.3.20f1/Editor/Data/MonoBleedingEdge/etc'
Using monoOptions --debugger-agent=transport=dt_socket,embedding=1,server=y,suspend=n,address=127.0.0.1:56076
Begin MonoManager ReloadAssembly
Registering precompiled unity dll's ...
Register platform support module: C:/Program Files/Unity/Hub/Editor/2022.3.20f1/Editor/Data/PlaybackEngines/WebGLSupport/UnityEditor.WebGL.Extensions.dll
Register platform support module: C:/Program Files/Unity/Hub/Editor/2022.3.20f1/Editor/Data/PlaybackEngines/AndroidPlayer/UnityEditor.Android.Extensions.dll
Register platform support module: C:/Program Files/Unity/Hub/Editor/2022.3.20f1/Editor/Data/PlaybackEngines/WindowsStandaloneSupport/UnityEditor.WindowsStandalone.Extensions.dll
Registered in 0.020637 seconds.
- Loaded All Assemblies, in  0.793 seconds
Native extension for WindowsStandalone target not found
Native extension for Android target not found
Android Extension - Scanning For ADB Devices 550 ms
Native extension for WebGL target not found
Mono: successfully reloaded assembly
- Finished resetting the current domain, in  1.304 seconds
Domain Reload Profiling: 2095ms
	BeginReloadAssembly (262ms)
		ExecutionOrderSort (0ms)
		DisableScriptedObjects (0ms)
		BackupInstance (0ms)
		ReleaseScriptingObjects (0ms)
		CreateAndSetChildDomain (2ms)
	RebuildCommonClasses (71ms)
	RebuildNativeTypeToScriptingClass (20ms)
	initialDomainReloadingComplete (125ms)
	LoadAllAssembliesAndSetupDomain (313ms)
		LoadAssemblies (259ms)
		RebuildTransferFunctionScriptingTraits (0ms)
		AnalyzeDomain (307ms)
			TypeCache.Refresh (305ms)
				TypeCache.ScanAssembly (277ms)
			ScanForSourceGeneratedMonoScriptInfo (1ms)
			ResolveRequiredComponents (1ms)
	FinalizeReload (1305ms)
		ReleaseScriptCaches (0ms)
		RebuildScriptCaches (0ms)
		SetupLoadedEditorAssemblies (1177ms)
			LogAssemblyErrors (0ms)
			InitializePlatformSupportModulesInManaged (806ms)
			SetLoadedEditorAssemblies (7ms)
			RefreshPlugins (0ms)
			BeforeProcessingInitializeOnLoad (5ms)
			ProcessInitializeOnLoadAttributes (266ms)
			ProcessInitializeOnLoadMethodAttributes (93ms)
			AfterProcessingInitializeOnLoad (0ms)
			EditorAssembliesLoaded (0ms)
		ExecutionOrderSort2 (0ms)
		AwakeInstancesAfterBackupRestoration (0ms)
========================================================================
Worker process is ready to serve import requests
Begin MonoManager ReloadAssembly
- Loaded All Assemblies, in  4.170 seconds
Refreshing native plugins compatible for Editor in 24.03 ms, found 6 plugins.
Native extension for WindowsStandalone target not found
Native extension for Android target not found
Native extension for WebGL target not found
Package Manager log level set to [2]
[Package Manager] Server::EnsureServerProcessIsRunning -- launch failed, reason: Unity was launched with the -noUpm command-line argument
[Package Manager] UpmClient::Send -- Unable to send message (not connected to UPM process).
[Package Manager] Cannot connect to Unity Package Manager local server
[Package Manager] Server::EnsureServerProcessIsRunning -- launch failed, reason: Unity was launched with the -noUpm command-line argument
[Package Manager] UpmClient::Send -- Unable to send message (not connected to UPM process).
[Package Manager] Cannot connect to Unity Package Manager local server
System.Reflection.TargetInvocationException: Exception has been thrown by the target of an invocation. ---> System.NullReferenceException: Object reference not set to an instance of an object
  at Unity.XR.Oculus.OculusLoader.AssetPathToAbsolutePath (System.String assetPath) [0x0003d] in .\Library\PackageCache\com.unity.xr.oculus@4.1.2\Runtime\OculusLoader.cs:287 
  at Unity.XR.Oculus.OculusLoader.EditorLoadOVRPlugin () [0x00084] in .\Library\PackageCache\com.unity.xr.oculus@4.1.2\Runtime\OculusLoader.cs:272 
  at (wrapper managed-to-native) System.Reflection.RuntimeMethodInfo.InternalInvoke(System.Reflection.RuntimeMethodInfo,object,object[],System.Exception&)
  at System.Reflection.RuntimeMethodInfo.Invoke (System.Object obj, System.Reflection.BindingFlags invokeAttr, System.Reflection.Binder binder, System.Object[] parameters, System.Globalization.CultureInfo culture) [0x0006a] in <dc753a1061284f8e971ee88ee4826eee>:0 
   --- End of inner exception stack trace ---
  at System.Reflection.RuntimeMethodInfo.Invoke (System.Object obj, System.Reflection.BindingFlags invokeAttr, System.Reflection.Binder binder, System.Object[] parameters, System.Globalization.CultureInfo culture) [0x00083] in <dc753a1061284f8e971ee88ee4826eee>:0 
  at System.Reflection.MethodBase.Invoke (System.Object obj, System.Object[] parameters) [0x00000] in <dc753a1061284f8e971ee88ee4826eee>:0 
  at UnityEditor.EditorAssemblies.ProcessInitializeOnLoadMethodAttributes () [0x000a5] in <5d5ebefe97114215928ac1d9cd096522>:0 
UnityEngine.StackTraceUtility:ExtractStackTrace ()
UnityEngine.DebugLogHandler:LogFormat (UnityEngine.LogType,UnityEngine.Object,string,object[])
UnityEngine.Logger:Log (UnityEngine.LogType,object)
UnityEngine.Debug:LogError (object)
UnityEditor.EditorAssemblies:ProcessInitializeOnLoadMethodAttributes ()

Mono: successfully reloaded assembly
[Package Manager] Server::EnsureServerProcessIsRunning -- launch failed, reason: Unity was launched with the -noUpm command-line argument
[Package Manager] UpmClient::Send -- Unable to send message (not connected to UPM process).
[Package Manager] Cannot connect to Unity Package Manager local server
[Package Manager] Server::EnsureServerProcessIsRunning -- launch failed, reason: Unity was launched with the -noUpm command-line argument
[Package Manager] UpmClient::Send -- Unable to send message (not connected to UPM process).
[Package Manager] Cannot connect to Unity Package Manager local server
- Finished resetting the current domain, in  3.677 seconds
Domain Reload Profiling: 7834ms
	BeginReloadAssembly (697ms)
		ExecutionOrderSort (0ms)
		DisableScriptedObjects (78ms)
		BackupInstance (0ms)
		ReleaseScriptingObjects (0ms)
		CreateAndSetChildDomain (85ms)
	RebuildCommonClasses (159ms)
	RebuildNativeTypeToScriptingClass (48ms)
	initialDomainReloadingComplete (185ms)
	LoadAllAssembliesAndSetupDomain (3066ms)
		LoadAssemblies (1918ms)
		RebuildTransferFunctionScriptingTraits (0ms)
		AnalyzeDomain (1507ms)
			TypeCache.Refresh (1295ms)
				TypeCache.ScanAssembly (1213ms)
			ScanForSourceGeneratedMonoScriptInfo (176ms)
			ResolveRequiredComponents (31ms)
	FinalizeReload (3678ms)
		ReleaseScriptCaches (0ms)
		RebuildScriptCaches (0ms)
		SetupLoadedEditorAssemblies (2674ms)
			LogAssemblyErrors (0ms)
			InitializePlatformSupportModulesInManaged (119ms)
			SetLoadedEditorAssemblies (13ms)
			RefreshPlugins (0ms)
			BeforeProcessingInitializeOnLoad (329ms)
			ProcessInitializeOnLoadAttributes (2057ms)
			ProcessInitializeOnLoadMethodAttributes (122ms)
			AfterProcessingInitializeOnLoad (34ms)
			EditorAssembliesLoaded (1ms)
		ExecutionOrderSort2 (0ms)
		AwakeInstancesAfterBackupRestoration (25ms)
Launched and connected shader compiler UnityShaderCompiler.exe after 0.14 seconds
Refreshing native plugins compatible for Editor in 30.25 ms, found 6 plugins.
Preloading 1 native plugins for Editor in 0.23 ms.
Unloading 4283 Unused Serialized files (Serialized files now loaded: 0)
Unloading 50 unused Assets / (58.9 KB). Loaded Objects now: 4765.
Memory consumption went from 164.2 MB to 164.2 MB.
Total: 13.655900 ms (FindLiveObjects: 0.696800 ms CreateObjectMapping: 0.436800 ms MarkObjects: 11.822700 ms  DeleteObjects: 0.696100 ms)

AssetImportParameters requested are different than current active one (requested -> active):
  custom:container-demuxer-ogg: 62fdf1f143b41e24485cea50d1cbac27 -> 
  custom:video-codec-MediaFoundation-h265: 746d11721c4dcdbdad8f713fa42b33f4 -> 
  custom:video-decoder-ogg-theora: a1e56fd34408186e4bbccfd4996cb3dc -> 
  custom:framework-win-MediaFoundation: 216162199b28c13a410421893ffa2e32 -> 
  custom:CustomObjectIndexerAttribute: 6d391050e5a25f67b0a2c618074f2cd9 -> 
  custom:container-demuxer-webm: 4f35f7cbe854078d1ac9338744f61a02 -> 
  custom:container-muxer-webm: aa71ff27fc2769a1b78a27578f13a17b -> 
  custom:video-decoder-webm-vp8: 9c59270c3fd7afecdb556c50c9e8de78 -> 
  custom:SearchIndexIgnoredProperties: e643bd26f0fe6173181afceb89e7c659 -> 
  custom:AudioImporter_EditorPlatform: d09bf68614088b80899f8185d706f6e7 -> 
  custom:video-encoder-webm-vp8: eb34c28f22e8b96e1ab97ce403110664 -> 
  custom:audio-decoder-ogg-vorbis: bf7c407c2cedff20999df2af8eb42d56 -> 
  custom:audio-encoder-webm-vorbis: bf7c407c2cedff20999df2af8eb42d56 -> 
========================================================================
Received Import Request.
  Time since last request: 613949.621833 seconds.
  path: Assets/StreetLamp/StreetLamp_02.FBX
  artifactKey: Guid(e0e5c2103b2aa534baf54bc1c6f1f1a3) Importer(815301076,1909f56bfc062723c751e8b465ee728b)
Start importing Assets/StreetLamp/StreetLamp_02.FBX using Guid(e0e5c2103b2aa534baf54bc1c6f1f1a3) Importer(815301076,1909f56bfc062723c751e8b465ee728b)  -> (artifact id: '1ce3ac207ef219427ffdfc956c3aa475') in 0.929919 seconds
Number of updated asset objects reloaded before import = 0
Number of asset objects unloaded after import = 10
========================================================================
Received Import Request.
  Time since last request: 4.020295 seconds.
  path: Assets/LowPolyTrees/Models/Birch1_summer.FBX
  artifactKey: Guid(be7bbad93ffca9849a6166878a29f9e3) Importer(815301076,1909f56bfc062723c751e8b465ee728b)
Start importing Assets/LowPolyTrees/Models/Birch1_summer.FBX using Guid(be7bbad93ffca9849a6166878a29f9e3) Importer(815301076,1909f56bfc062723c751e8b465ee728b)  -> (artifact id: '39c3452fd8e0938317bd326e29bd8e9e') in 0.136324 seconds
Number of updated asset objects reloaded before import = 0
Number of asset objects unloaded after import = 10
========================================================================
Received Import Request.
  Time since last request: 0.000036 seconds.
  path: Assets/LowPolyTrees/Models/Bush1_winter.FBX
  artifactKey: Guid(0549557f445a294478cfeb17d6995b68) Importer(815301076,1909f56bfc062723c751e8b465ee728b)
Start importing Assets/LowPolyTrees/Models/Bush1_winter.FBX using Guid(0549557f445a294478cfeb17d6995b68) Importer(815301076,1909f56bfc062723c751e8b465ee728b)  -> (artifact id: '3450ee54787d2b78db95dfdf44f402f5') in 0.055473 seconds
Number of updated asset objects reloaded before import = 0
Number of asset objects unloaded after import = 10
========================================================================
Received Import Request.
  Time since last request: 0.000111 seconds.
  path: Assets/LowPolyTrees/Models/Log2_autumn.FBX
  artifactKey: Guid(d1cb2aaf71dd58a47b5238ec9e60567b) Importer(815301076,1909f56bfc062723c751e8b465ee728b)
Start importing Assets/LowPolyTrees/Models/Log2_autumn.FBX using Guid(d1cb2aaf71dd58a47b5238ec9e60567b) Importer(815301076,1909f56bfc062723c751e8b465ee728b)  -> (artifact id: '559536aa9e15810ceb1a9d677fc858b8') in 0.053550 seconds
Number of updated asset objects reloaded before import = 0
Number of asset objects unloaded after import = 10
========================================================================
Received Import Request.
  Time since last request: 0.000036 seconds.
  path: Assets/LowPolyTrees/Models/Palm1_autumn.FBX
  artifactKey: Guid(bace0efb09586424989ce3bfd19b33a1) Importer(815301076,1909f56bfc062723c751e8b465ee728b)
Start importing Assets/LowPolyTrees/Models/Palm1_autumn.FBX using Guid(bace0efb09586424989ce3bfd19b33a1) Importer(815301076,1909f56bfc062723c751e8b465ee728b)  -> (artifact id: '8ae82423321173a282451a3e269ff5d0') in 0.051621 seconds
Number of updated asset objects reloaded before import = 0
Number of asset objects unloaded after import = 10
========================================================================
Received Import Request.
  Time since last request: 0.000028 seconds.
  path: Assets/LowPolyTrees/Models/Stump5_autumn.FBX
  artifactKey: Guid(7daee6c6aa8e3704986e294338eeed30) Importer(815301076,1909f56bfc062723c751e8b465ee728b)
Start importing Assets/LowPolyTrees/Models/Stump5_autumn.FBX using Guid(7daee6c6aa8e3704986e294338eeed30) Importer(815301076,1909f56bfc062723c751e8b465ee728b)  -> (artifact id: 'df99a3a83fefed20eaf6601db8670463') in 0.052349 seconds
Number of updated asset objects reloaded before import = 0
Number of asset objects unloaded after import = 10
========================================================================
Received Import Request.
  Time since last request: 0.000028 seconds.
  path: Assets/LowPolyTrees/Models/Stump2_autumn.FBX
  artifactKey: Guid(802217d4f90b0844494e05662206e36c) Importer(815301076,1909f56bfc062723c751e8b465ee728b)
Start importing Assets/LowPolyTrees/Models/Stump2_autumn.FBX using Guid(802217d4f90b0844494e05662206e36c) Importer(815301076,1909f56bfc062723c751e8b465ee728b)  -> (artifact id: 'e3eee220da7c62b3d705df97c2e02942') in 0.042972 seconds
Number of updated asset objects reloaded before import = 0
Number of asset objects unloaded after import = 10
========================================================================
Received Import Request.
  Time since last request: 0.000026 seconds.
  path: Assets/LowPolyTrees/Models/Log1_autumn.FBX
  artifactKey: Guid(19043442e83b90646b22087d1b766b9f) Importer(815301076,1909f56bfc062723c751e8b465ee728b)
Start importing Assets/LowPolyTrees/Models/Log1_autumn.FBX using Guid(19043442e83b90646b22087d1b766b9f) Importer(815301076,1909f56bfc062723c751e8b465ee728b)  -> (artifact id: 'e243c35c5f75ecc8aa2eb0f1c0258aeb') in 0.094466 seconds
Number of updated asset objects reloaded before import = 0
Number of asset objects unloaded after import = 9
========================================================================
Received Import Request.
  Time since last request: 0.000116 seconds.
  path: Assets/LowPolyTrees/Models/Stump1_summer.FBX
  artifactKey: Guid(3178fa457ae430f4b83e50701c5d6f66) Importer(815301076,1909f56bfc062723c751e8b465ee728b)
Start importing Assets/LowPolyTrees/Models/Stump1_summer.FBX using Guid(3178fa457ae430f4b83e50701c5d6f66) Importer(815301076,1909f56bfc062723c751e8b465ee728b)  -> (artifact id: 'f6a0b6d4500aaba6f6eab5d3f3aefb6f') in 0.079644 seconds
Number of updated asset objects reloaded before import = 0
Number of asset objects unloaded after import = 10
========================================================================
Received Import Request.
  Time since last request: 0.000040 seconds.
  path: Assets/LowPolyTrees/Models/Bush1_autumn.FBX
  artifactKey: Guid(f9c5e4ae50ff51f418a6391d69aca1e7) Importer(815301076,1909f56bfc062723c751e8b465ee728b)
Start importing Assets/LowPolyTrees/Models/Bush1_autumn.FBX using Guid(f9c5e4ae50ff51f418a6391d69aca1e7) Importer(815301076,1909f56bfc062723c751e8b465ee728b)  -> (artifact id: 'e441e64defde27ab08fca021a45a84b0') in 0.054653 seconds
Number of updated asset objects reloaded before import = 0
Number of asset objects unloaded after import = 10
========================================================================
Received Import Request.
  Time since last request: 0.000036 seconds.
  path: Assets/LowPolyTrees/Models/Birch2_winter.FBX
  artifactKey: Guid(961c0ecf7f3117d4ebf02f9d2c0b7cf8) Importer(815301076,1909f56bfc062723c751e8b465ee728b)
Start importing Assets/LowPolyTrees/Models/Birch2_winter.FBX using Guid(961c0ecf7f3117d4ebf02f9d2c0b7cf8) Importer(815301076,1909f56bfc062723c751e8b465ee728b)  -> (artifact id: '8eaa7fa70c9bc1b2eee09dc2c752f082') in 0.046454 seconds
Number of updated asset objects reloaded before import = 0
Number of asset objects unloaded after import = 10
========================================================================
Received Import Request.
  Time since last request: 0.000030 seconds.
  path: Assets/LowPolyTrees/Models/Log1_winter.FBX
  artifactKey: Guid(e9308f7cdbb8f834aa33ece56a7c6fd4) Importer(815301076,1909f56bfc062723c751e8b465ee728b)
Start importing Assets/LowPolyTrees/Models/Log1_winter.FBX using Guid(e9308f7cdbb8f834aa33ece56a7c6fd4) Importer(815301076,1909f56bfc062723c751e8b465ee728b)  -> (artifact id: '997578b0fdd5887e4bdb5e1f52be0abd') in 0.055966 seconds
Number of updated asset objects reloaded before import = 0
Number of asset objects unloaded after import = 9
========================================================================
Received Import Request.
  Time since last request: 0.000023 seconds.
  path: Assets/LowPolyTrees/Models/Bush2_summer.FBX
  artifactKey: Guid(1daa7a05ca430a444b7de3ef4892ed23) Importer(815301076,1909f56bfc062723c751e8b465ee728b)
Start importing Assets/LowPolyTrees/Models/Bush2_summer.FBX using Guid(1daa7a05ca430a444b7de3ef4892ed23) Importer(815301076,1909f56bfc062723c751e8b465ee728b)  -> (artifact id: '680ad506953169cb1b35a806d1ae001a') in 0.049569 seconds
Number of updated asset objects reloaded before import = 0
Number of asset objects unloaded after import = 10
========================================================================
Received Import Request.
  Time since last request: 0.000046 seconds.
  path: Assets/LowPolyTrees/Models/Stump2_summer.FBX
  artifactKey: Guid(d6ce50dde7a91f240bbfdc3636f9e0ac) Importer(815301076,1909f56bfc062723c751e8b465ee728b)
Start importing Assets/LowPolyTrees/Models/Stump2_summer.FBX using Guid(d6ce50dde7a91f240bbfdc3636f9e0ac) Importer(815301076,1909f56bfc062723c751e8b465ee728b)  -> (artifact id: '56921ff39e873676b233f1951231a8fe') in 0.051404 seconds
Number of updated asset objects reloaded before import = 0
Number of asset objects unloaded after import = 10
========================================================================
Received Import Request.
  Time since last request: 0.000043 seconds.
  path: Assets/LowPolyTrees/Models/Palm2_autumn.FBX
  artifactKey: Guid(4332e20b211a4764bbe60db6c9eecb2e) Importer(815301076,1909f56bfc062723c751e8b465ee728b)
Start importing Assets/LowPolyTrees/Models/Palm2_autumn.FBX using Guid(4332e20b211a4764bbe60db6c9eecb2e) Importer(815301076,1909f56bfc062723c751e8b465ee728b)  -> (artifact id: 'e2f3f4202e714ad366cc307f67b6e343') in 0.046735 seconds
Number of updated asset objects reloaded before import = 0
Number of asset objects unloaded after import = 10
========================================================================
Received Import Request.
  Time since last request: 0.000130 seconds.
  path: Assets/LowPolyTrees/Models/Birch3_winter.FBX
  artifactKey: Guid(048285646260a5d4e812e040dc325c58) Importer(815301076,1909f56bfc062723c751e8b465ee728b)
Start importing Assets/LowPolyTrees/Models/Birch3_winter.FBX using Guid(048285646260a5d4e812e040dc325c58) Importer(815301076,1909f56bfc062723c751e8b465ee728b)  -> (artifact id: '432a89569726718560085be76877024e') in 0.053463 seconds
Number of updated asset objects reloaded before import = 0
Number of asset objects unloaded after import = 9
========================================================================
Received Import Request.
  Time since last request: 0.000045 seconds.
  path: Assets/LowPolyTrees/Models/Stump1_autumn.FBX
  artifactKey: Guid(d8d030103aff14a49ab84b90c8e1ce82) Importer(815301076,1909f56bfc062723c751e8b465ee728b)
Start importing Assets/LowPolyTrees/Models/Stump1_autumn.FBX using Guid(d8d030103aff14a49ab84b90c8e1ce82) Importer(815301076,1909f56bfc062723c751e8b465ee728b)  -> (artifact id: '6b9c102b21cd28559dcf9bd6571c3a83') in 0.050086 seconds
Number of updated asset objects reloaded before import = 0
Number of asset objects unloaded after import = 10
========================================================================
Received Import Request.
  Time since last request: 0.000025 seconds.
  path: Assets/LowPolyTrees/Models/Tree1_autumn.FBX
  artifactKey: Guid(9d990d8e132faa141910419fcb02996f) Importer(815301076,1909f56bfc062723c751e8b465ee728b)
Start importing Assets/LowPolyTrees/Models/Tree1_autumn.FBX using Guid(9d990d8e132faa141910419fcb02996f) Importer(815301076,1909f56bfc062723c751e8b465ee728b)  -> (artifact id: '0c3b08fd75d585eba764b6afbdc7b9e9') in 0.048095 seconds
Number of updated asset objects reloaded before import = 0
Number of asset objects unloaded after import = 10
========================================================================
Received Import Request.
  Time since last request: 0.000035 seconds.
  path: Assets/LowPolyTrees/Models/Tree1_summer.FBX
  artifactKey: Guid(f38856783b44a0f41ab79203d31e22df) Importer(815301076,1909f56bfc062723c751e8b465ee728b)
Start importing Assets/LowPolyTrees/Models/Tree1_summer.FBX using Guid(f38856783b44a0f41ab79203d31e22df) Importer(815301076,1909f56bfc062723c751e8b465ee728b)  -> (artifact id: '7b9afda6c2d52003bd0ce929ede1bdfe') in 0.052997 seconds
Number of updated asset objects reloaded before import = 0
Number of asset objects unloaded after import = 10
========================================================================
Received Import Request.
  Time since last request: 0.000037 seconds.
  path: Assets/LowPolyTrees/Models/Stump3_autumn.FBX
  artifactKey: Guid(818287ca8c0007343892c3f28e39dd86) Importer(815301076,1909f56bfc062723c751e8b465ee728b)
Start importing Assets/LowPolyTrees/Models/Stump3_autumn.FBX using Guid(818287ca8c0007343892c3f28e39dd86) Importer(815301076,1909f56bfc062723c751e8b465ee728b)  -> (artifact id: 'f1cb43aa98b3d82914be1478ee095ce8') in 0.044038 seconds
Number of updated asset objects reloaded before import = 0
Number of asset objects unloaded after import = 10
========================================================================
Received Import Request.
  Time since last request: 0.000043 seconds.
  path: Assets/LowPolyTrees/Models/Stump5_summer.FBX
  artifactKey: Guid(ecb46529a7af84f4cb5183ac908f4409) Importer(815301076,1909f56bfc062723c751e8b465ee728b)
Start importing Assets/LowPolyTrees/Models/Stump5_summer.FBX using Guid(ecb46529a7af84f4cb5183ac908f4409) Importer(815301076,1909f56bfc062723c751e8b465ee728b)  -> (artifact id: '475ab3a36af021ce9962751301e01df0') in 0.046825 seconds
Number of updated asset objects reloaded before import = 0
Number of asset objects unloaded after import = 10
========================================================================
Received Import Request.
  Time since last request: 0.000032 seconds.
  path: Assets/LowPolyTrees/Models/Birch2_autumn.FBX
  artifactKey: Guid(866442c58a0033b469de78a4793fdb3b) Importer(815301076,1909f56bfc062723c751e8b465ee728b)
Start importing Assets/LowPolyTrees/Models/Birch2_autumn.FBX using Guid(866442c58a0033b469de78a4793fdb3b) Importer(815301076,1909f56bfc062723c751e8b465ee728b)  -> (artifact id: 'bb87af3c662c9b9c8fc2908653b1ab8d') in 0.049695 seconds
Number of updated asset objects reloaded before import = 0
Number of asset objects unloaded after import = 10
========================================================================
Received Import Request.
  Time since last request: 0.000034 seconds.
  path: Assets/LowPolyTrees/Models/Ground.FBX
  artifactKey: Guid(7970291a865d421468fa0c3c9938cee0) Importer(815301076,1909f56bfc062723c751e8b465ee728b)
Start importing Assets/LowPolyTrees/Models/Ground.FBX using Guid(7970291a865d421468fa0c3c9938cee0) Importer(815301076,1909f56bfc062723c751e8b465ee728b)  -> (artifact id: 'c155fadb122238fa3c893e9747d9ae03') in 0.049914 seconds
Number of updated asset objects reloaded before import = 0
Number of asset objects unloaded after import = 10
========================================================================
Received Import Request.
  Time since last request: 0.000027 seconds.
  path: Assets/LowPolyTrees/Models/Birch3_summer.FBX
  artifactKey: Guid(a137f3f9405ebd64eb300c10da0f6303) Importer(815301076,1909f56bfc062723c751e8b465ee728b)
Start importing Assets/LowPolyTrees/Models/Birch3_summer.FBX using Guid(a137f3f9405ebd64eb300c10da0f6303) Importer(815301076,1909f56bfc062723c751e8b465ee728b)  -> (artifact id: '15c7cc528787e62be821f938be664286') in 0.046987 seconds
Number of updated asset objects reloaded before import = 0
Number of asset objects unloaded after import = 10
========================================================================
Received Import Request.
  Time since last request: 0.000026 seconds.
  path: Assets/LowPolyTrees/Models/Bush2_autumn.FBX
  artifactKey: Guid(fcc1c5a50b92edc408964b7d9c5f8c96) Importer(815301076,1909f56bfc062723c751e8b465ee728b)
Start importing Assets/LowPolyTrees/Models/Bush2_autumn.FBX using Guid(fcc1c5a50b92edc408964b7d9c5f8c96) Importer(815301076,1909f56bfc062723c751e8b465ee728b)  -> (artifact id: '67ac48e09aad24a47bbfc6b43529e441') in 0.046843 seconds
Number of updated asset objects reloaded before import = 0
Number of asset objects unloaded after import = 10
========================================================================
Received Import Request.
  Time since last request: 0.000178 seconds.
  path: Assets/LowPolyTrees/Models/Stump5_winter.FBX
  artifactKey: Guid(7e71e50661f45e244b851f159dacf9ff) Importer(815301076,1909f56bfc062723c751e8b465ee728b)
Start importing Assets/LowPolyTrees/Models/Stump5_winter.FBX using Guid(7e71e50661f45e244b851f159dacf9ff) Importer(815301076,1909f56bfc062723c751e8b465ee728b)  -> (artifact id: '0e68703682f96a1d6e7e5a735c2ea575') in 0.055071 seconds
Number of updated asset objects reloaded before import = 0
Number of asset objects unloaded after import = 10
========================================================================
Received Import Request.
  Time since last request: 0.000027 seconds.
  path: Assets/LowPolyTrees/Models/Tree1_winter.FBX
  artifactKey: Guid(8113bf20d11faba4c97fabf7a35ebf89) Importer(815301076,1909f56bfc062723c751e8b465ee728b)
Start importing Assets/LowPolyTrees/Models/Tree1_winter.FBX using Guid(8113bf20d11faba4c97fabf7a35ebf89) Importer(815301076,1909f56bfc062723c751e8b465ee728b)  -> (artifact id: 'ad710032b1ede21cfe461436cf3aa03b') in 0.043669 seconds
Number of updated asset objects reloaded before import = 0
Number of asset objects unloaded after import = 10
========================================================================
Received Import Request.
  Time since last request: 0.000025 seconds.
  path: Assets/LowPolyTrees/Models/Tree2_autumn.FBX
  artifactKey: Guid(4883ea627a540e84d9324ca822f372e7) Importer(815301076,1909f56bfc062723c751e8b465ee728b)
Start importing Assets/LowPolyTrees/Models/Tree2_autumn.FBX using Guid(4883ea627a540e84d9324ca822f372e7) Importer(815301076,1909f56bfc062723c751e8b465ee728b)  -> (artifact id: 'da417dca863f6b05a95dbdcf5fec5f67') in 0.048494 seconds
Number of updated asset objects reloaded before import = 0
Number of asset objects unloaded after import = 10
========================================================================
Received Import Request.
  Time since last request: 0.000032 seconds.
  path: Assets/LowPolyTrees/Models/Log2_winter.FBX
  artifactKey: Guid(b40e0510d77b7594088aaee8a4fbbf60) Importer(815301076,1909f56bfc062723c751e8b465ee728b)
Start importing Assets/LowPolyTrees/Models/Log2_winter.FBX using Guid(b40e0510d77b7594088aaee8a4fbbf60) Importer(815301076,1909f56bfc062723c751e8b465ee728b)  -> (artifact id: '287b2570ef8c5a86e4f0ec99367ae20b') in 0.048427 seconds
Number of updated asset objects reloaded before import = 0
Number of asset objects unloaded after import = 10
========================================================================
Received Import Request.
  Time since last request: 0.000037 seconds.
  path: Assets/LowPolyTrees/Models/Tree2_winter.FBX
  artifactKey: Guid(1ab21a3540afb334cb50fe67fdcaf1fd) Importer(815301076,1909f56bfc062723c751e8b465ee728b)
Start importing Assets/LowPolyTrees/Models/Tree2_winter.FBX using Guid(1ab21a3540afb334cb50fe67fdcaf1fd) Importer(815301076,1909f56bfc062723c751e8b465ee728b)  -> (artifact id: '872d64db0a474ef9088f6af364f8d2d7') in 0.052167 seconds
Number of updated asset objects reloaded before import = 0
Number of asset objects unloaded after import = 10
========================================================================
Received Import Request.
  Time since last request: 0.000035 seconds.
  path: Assets/LowPolyTrees/Models/Stump6_winter.FBX
  artifactKey: Guid(093d3219ca68b26469c5d1b696a4276c) Importer(815301076,1909f56bfc062723c751e8b465ee728b)
Start importing Assets/LowPolyTrees/Models/Stump6_winter.FBX using Guid(093d3219ca68b26469c5d1b696a4276c) Importer(815301076,1909f56bfc062723c751e8b465ee728b)  -> (artifact id: 'c5f4fa5fd709730d133f15ed8f4176a2') in 0.040678 seconds
Number of updated asset objects reloaded before import = 0
Number of asset objects unloaded after import = 9
========================================================================
Received Import Request.
  Time since last request: 0.000378 seconds.
  path: Assets/LowPolyTrees/Models/Birch1_winter.FBX
  artifactKey: Guid(a9a10b525d3f7504e87bc506a9ace883) Importer(815301076,1909f56bfc062723c751e8b465ee728b)
Start importing Assets/LowPolyTrees/Models/Birch1_winter.FBX using Guid(a9a10b525d3f7504e87bc506a9ace883) Importer(815301076,1909f56bfc062723c751e8b465ee728b)  -> (artifact id: '52f7216c69053469ce201eec86f170a4') in 0.058281 seconds
Number of updated asset objects reloaded before import = 0
Number of asset objects unloaded after import = 10
========================================================================
Received Import Request.
  Time since last request: 1.912909 seconds.
  path: Assets/LowPolyTrees/Models/Tree4_summer.FBX
  artifactKey: Guid(1ba0be25aac561d40aa5df88bfcf6b5d) Importer(815301076,1909f56bfc062723c751e8b465ee728b)
Start importing Assets/LowPolyTrees/Models/Tree4_summer.FBX using Guid(1ba0be25aac561d40aa5df88bfcf6b5d) Importer(815301076,1909f56bfc062723c751e8b465ee728b)  -> (artifact id: '004af74c74e251f62c29fb3b27549ba3') in 0.070044 seconds
Number of updated asset objects reloaded before import = 0
Number of asset objects unloaded after import = 10
========================================================================
Received Import Request.
  Time since last request: 0.000036 seconds.
  path: Assets/LowPolyTrees/Models/Tree6_winter.FBX
  artifactKey: Guid(e5fa754c0a78ea44c8c0ed37f48a19b3) Importer(815301076,1909f56bfc062723c751e8b465ee728b)
Start importing Assets/LowPolyTrees/Models/Tree6_winter.FBX using Guid(e5fa754c0a78ea44c8c0ed37f48a19b3) Importer(815301076,1909f56bfc062723c751e8b465ee728b)  -> (artifact id: 'fd7f9a23ef00f3ec7be954545cf01669') in 0.056389 seconds
Number of updated asset objects reloaded before import = 0
Number of asset objects unloaded after import = 10
========================================================================
Received Import Request.
  Time since last request: 0.000073 seconds.
  path: Assets/LowPolyTrees/Models/Tree7_winter.FBX
  artifactKey: Guid(e1aee3197f0dd834b8afa9929578add7) Importer(815301076,1909f56bfc062723c751e8b465ee728b)
Start importing Assets/LowPolyTrees/Models/Tree7_winter.FBX using Guid(e1aee3197f0dd834b8afa9929578add7) Importer(815301076,1909f56bfc062723c751e8b465ee728b)  -> (artifact id: 'ff2ba0d33299d55f249bf7e6499c9ff3') in 0.062702 seconds
Number of updated asset objects reloaded before import = 0
Number of asset objects unloaded after import = 10
========================================================================
Received Import Request.
  Time since last request: 0.000022 seconds.
  path: Assets/LowPolyTrees/Models/Tree8_winter.FBX
  artifactKey: Guid(53db39c44425f1044ad357ecf4540fed) Importer(815301076,1909f56bfc062723c751e8b465ee728b)
Start importing Assets/LowPolyTrees/Models/Tree8_winter.FBX using Guid(53db39c44425f1044ad357ecf4540fed) Importer(815301076,1909f56bfc062723c751e8b465ee728b)  -> (artifact id: 'cdb51fb68858097efd7909d515e2bd41') in 0.057001 seconds
Number of updated asset objects reloaded before import = 0
Number of asset objects unloaded after import = 10
========================================================================
Received Import Request.
  Time since last request: 0.000295 seconds.
  path: Assets/LowPolyTrees/Models/Tree5_winter.FBX
  artifactKey: Guid(3b0e254dab610fc4085c6ca93fb82048) Importer(815301076,1909f56bfc062723c751e8b465ee728b)
Start importing Assets/LowPolyTrees/Models/Tree5_winter.FBX using Guid(3b0e254dab610fc4085c6ca93fb82048) Importer(815301076,1909f56bfc062723c751e8b465ee728b)  -> (artifact id: 'fee7394ea024c51e12f1bbf0d89ba9fc') in 0.046842 seconds
Number of updated asset objects reloaded before import = 0
Number of asset objects unloaded after import = 10
========================================================================
Received Import Request.
  Time since last request: 0.000029 seconds.
  path: Assets/LowPolyTrees/Models/Tree7_autumn.FBX
  artifactKey: Guid(74a491ea7bf20814081a24eea3fc7e92) Importer(815301076,1909f56bfc062723c751e8b465ee728b)
Start importing Assets/LowPolyTrees/Models/Tree7_autumn.FBX using Guid(74a491ea7bf20814081a24eea3fc7e92) Importer(815301076,1909f56bfc062723c751e8b465ee728b)  -> (artifact id: '3d4da7947de771d1747077bef2a3a987') in 0.046485 seconds
Number of updated asset objects reloaded before import = 0
Number of asset objects unloaded after import = 10
========================================================================
Received Import Request.
  Time since last request: 0.001160 seconds.
  path: Assets/LowPolyTrees/Models/Tree5_summer.FBX
  artifactKey: Guid(34ccfb5b6b6974544a83fc2417bb7efd) Importer(815301076,1909f56bfc062723c751e8b465ee728b)
Start importing Assets/LowPolyTrees/Models/Tree5_summer.FBX using Guid(34ccfb5b6b6974544a83fc2417bb7efd) Importer(815301076,1909f56bfc062723c751e8b465ee728b)  -> (artifact id: '9c8f88e5ad94afe784788a0a63df7f4b') in 0.052882 seconds
Number of updated asset objects reloaded before import = 0
Number of asset objects unloaded after import = 10
